2019-11-04 05:15:13 [127.0.0.1][-][llfptmj03pbsivavvd2ouq5ibb][error][yii\db\Exception] PDOException: SQLSTATE[HY000] [1049] Unknown database 'yii2basic' in C:\xampp\htdocs\basic\vendor\yiisoft\yii2\db\Connection.php:698
Stack trace:
#0 C:\xampp\htdocs\basic\vendor\yiisoft\yii2\db\Connection.php(698): PDO->__construct('mysql:host=loca...', 'root', '', NULL)
#1 C:\xampp\htdocs\basic\vendor\yiisoft\yii2\db\Connection.php(624): yii\db\Connection->createPdoInstance()
#2 C:\xampp\htdocs\basic\vendor\yiisoft\yii2\db\Connection.php(1015): yii\db\Connection->open()
#3 C:\xampp\htdocs\basic\vendor\yiisoft\yii2\db\Connection.php(1002): yii\db\Connection->getMasterPdo()
#4 C:\xampp\htdocs\basic\vendor\yiisoft\yii2\db\Command.php(253): yii\db\Connection->getSlavePdo()
#5 C:\xampp\htdocs\basic\vendor\yiisoft\yii2\db\Command.php(1153): yii\db\Command->prepare(true)
#6 C:\xampp\htdocs\basic\vendor\yiisoft\yii2\db\Command.php(442): yii\db\Command->queryInternal('fetchAll', 7)
#7 C:\xampp\htdocs\basic\vendor\yiisoft\yii2\db\mysql\Schema.php(114): yii\db\Command->queryColumn()
#8 C:\xampp\htdocs\basic\vendor\yiisoft\yii2\db\Schema.php(236): yii\db\mysql\Schema->findTableNames('')
#9 C:\xampp\htdocs\basic\vendor\yiisoft\yii2-gii\src\generators\model\Generator.php(171): yii\db\Schema->getTableNames()
#10 [internal function]: yii\gii\generators\model\Generator->yii\gii\generators\model\{closure}()
#11 C:\xampp\htdocs\basic\vendor\yiisoft\yii2-gii\src\components\ActiveField.php(46): call_user_func(Object(Closure))
#12 C:\xampp\htdocs\basic\vendor\yiisoft\yii2\base\BaseObject.php(109): yii\gii\components\ActiveField->init()
#13 [internal function]: yii\base\BaseObject->__construct(Array)
#14 C:\xampp\htdocs\basic\vendor\yiisoft\yii2\di\Container.php(400): ReflectionClass->newInstanceArgs(Array)
#15 C:\xampp\htdocs\basic\vendor\yiisoft\yii2\di\Container.php(159): yii\di\Container->build('yii\\gii\\compone...', Array, Array)
#16 C:\xampp\htdocs\basic\vendor\yiisoft\yii2\BaseYii.php(351): yii\di\Container->get('yii\\gii\\compone...', Array, Array)
#17 C:\xampp\htdocs\basic\vendor\yiisoft\yii2\widgets\ActiveForm.php(334): yii\BaseYii::createObject(Array)
#18 C:\xampp\htdocs\basic\vendor\yiisoft\yii2-gii\src\generators\model\form.php(9): yii\widgets\ActiveForm->field(Object(yii\gii\generators\model\Generator), 'tableName')
#19 C:\xampp\htdocs\basic\vendor\yiisoft\yii2\base\View.php(348): require('C:\\xampp\\htdocs...')
#20 C:\xampp\htdocs\basic\vendor\yiisoft\yii2\base\View.php(257): yii\base\View->renderPhpFile('C:\\xampp\\htdocs...', '[<span class="s...')
#21 C:\xampp\htdocs\basic\vendor\yiisoft\yii2-gii\src\views\default\view.php(43): yii\base\View->renderFile('C:\\xampp\\htdocs...', Array)
#22 C:\xampp\htdocs\basic\vendor\yiisoft\yii2\base\View.php(348): require('C:\\xampp\\htdocs...')
#23 C:\xampp\htdocs\basic\vendor\yiisoft\yii2\base\View.php(257): yii\base\View->renderPhpFile('C:\\xampp\\htdocs...', '[<span class="s...')
#24 C:\xampp\htdocs\basic\vendor\yiisoft\yii2\base\View.php(156): yii\base\View->renderFile('C:\\xampp\\htdocs...', Array, Object(yii\gii\controllers\DefaultController))
#25 C:\xampp\htdocs\basic\vendor\yiisoft\yii2\base\Controller.php(386): yii\base\View->render('view', Array, Object(yii\gii\controllers\DefaultController))
#26 C:\xampp\htdocs\basic\vendor\yiisoft\yii2-gii\src\controllers\DefaultController.php(72): yii\base\Controller->render('view', Array)
#27 [internal function]: yii\gii\controllers\DefaultController->actionView('model')
#28 C:\xampp\htdocs\basic\vendor\yiisoft\yii2\base\InlineAction.php(57): call_user_func_array(Array, Array)
#29 C:\xampp\htdocs\basic\vendor\yiisoft\yii2\base\Controller.php(157): yii\base\InlineAction->runWithParams(Array)
#30 C:\xampp\htdocs\basic\vendor\yiisoft\yii2\base\Module.php(528): yii\base\Controller->runAction('view', Array)
#31 C:\xampp\htdocs\basic\vendor\yiisoft\yii2\web\Application.php(103): yii\base\Module->runAction('gii/default/vie...', Array)
#32 C:\xampp\htdocs\basic\vendor\yiisoft\yii2\base\Application.php(386): yii\web\Application->handleRequest(Object(yii\web\Request))
#33 C:\xampp\htdocs\basic\web\index.php(12): yii\base\Application->run()
#34 {main}

Next yii\db\Exception: SQLSTATE[HY000] [1049] Unknown database 'yii2basic' in C:\xampp\htdocs\basic\vendor\yiisoft\yii2\db\Connection.php:635
Stack trace:
#0 C:\xampp\htdocs\basic\vendor\yiisoft\yii2\db\Connection.php(1015): yii\db\Connection->open()
#1 C:\xampp\htdocs\basic\vendor\yiisoft\yii2\db\Connection.php(1002): yii\db\Connection->getMasterPdo()
#2 C:\xampp\htdocs\basic\vendor\yiisoft\yii2\db\Command.php(253): yii\db\Connection->getSlavePdo()
#3 C:\xampp\htdocs\basic\vendor\yiisoft\yii2\db\Command.php(1153): yii\db\Command->prepare(true)
#4 C:\xampp\htdocs\basic\vendor\yiisoft\yii2\db\Command.php(442): yii\db\Command->queryInternal('fetchAll', 7)
#5 C:\xampp\htdocs\basic\vendor\yiisoft\yii2\db\mysql\Schema.php(114): yii\db\Command->queryColumn()
#6 C:\xampp\htdocs\basic\vendor\yiisoft\yii2\db\Schema.php(236): yii\db\mysql\Schema->findTableNames('')
#7 C:\xampp\htdocs\basic\vendor\yiisoft\yii2-gii\src\generators\model\Generator.php(171): yii\db\Schema->getTableNames()
#8 [internal function]: yii\gii\generators\model\Generator->yii\gii\generators\model\{closure}()
#9 C:\xampp\htdocs\basic\vendor\yiisoft\yii2-gii\src\components\ActiveField.php(46): call_user_func(Object(Closure))
#10 C:\xampp\htdocs\basic\vendor\yiisoft\yii2\base\BaseObject.php(109): yii\gii\components\ActiveField->init()
#11 [internal function]: yii\base\BaseObject->__construct(Array)
#12 C:\xampp\htdocs\basic\vendor\yiisoft\yii2\di\Container.php(400): ReflectionClass->newInstanceArgs(Array)
#13 C:\xampp\htdocs\basic\vendor\yiisoft\yii2\di\Container.php(159): yii\di\Container->build('yii\\gii\\compone...', Array, Array)
#14 C:\xampp\htdocs\basic\vendor\yiisoft\yii2\BaseYii.php(351): yii\di\Container->get('yii\\gii\\compone...', Array, Array)
#15 C:\xampp\htdocs\basic\vendor\yiisoft\yii2\widgets\ActiveForm.php(334): yii\BaseYii::createObject(Array)
#16 C:\xampp\htdocs\basic\vendor\yiisoft\yii2-gii\src\generators\model\form.php(9): yii\widgets\ActiveForm->field(Object(yii\gii\generators\model\Generator), 'tableName')
#17 C:\xampp\htdocs\basic\vendor\yiisoft\yii2\base\View.php(348): require('C:\\xampp\\htdocs...')
#18 C:\xampp\htdocs\basic\vendor\yiisoft\yii2\base\View.php(257): yii\base\View->renderPhpFile('C:\\xampp\\htdocs...', '[<span class="s...')
#19 C:\xampp\htdocs\basic\vendor\yiisoft\yii2-gii\src\views\default\view.php(43): yii\base\View->renderFile('C:\\xampp\\htdocs...', Array)
#20 C:\xampp\htdocs\basic\vendor\yiisoft\yii2\base\View.php(348): require('C:\\xampp\\htdocs...')
#21 C:\xampp\htdocs\basic\vendor\yiisoft\yii2\base\View.php(257): yii\base\View->renderPhpFile('C:\\xampp\\htdocs...', '[<span class="s...')
#22 C:\xampp\htdocs\basic\vendor\yiisoft\yii2\base\View.php(156): yii\base\View->renderFile('C:\\xampp\\htdocs...', Array, Object(yii\gii\controllers\DefaultController))
#23 C:\xampp\htdocs\basic\vendor\yiisoft\yii2\base\Controller.php(386): yii\base\View->render('view', Array, Object(yii\gii\controllers\DefaultController))
#24 C:\xampp\htdocs\basic\vendor\yiisoft\yii2-gii\src\controllers\DefaultController.php(72): yii\base\Controller->render('view', Array)
#25 [internal function]: yii\gii\controllers\DefaultController->actionView('model')
#26 C:\xampp\htdocs\basic\vendor\yiisoft\yii2\base\InlineAction.php(57): call_user_func_array(Array, Array)
#27 C:\xampp\htdocs\basic\vendor\yiisoft\yii2\base\Controller.php(157): yii\base\InlineAction->runWithParams(Array)
#28 C:\xampp\htdocs\basic\vendor\yiisoft\yii2\base\Module.php(528): yii\base\Controller->runAction('view', Array)
#29 C:\xampp\htdocs\basic\vendor\yiisoft\yii2\web\Application.php(103): yii\base\Module->runAction('gii/default/vie...', Array)
#30 C:\xampp\htdocs\basic\vendor\yiisoft\yii2\base\Application.php(386): yii\web\Application->handleRequest(Object(yii\web\Request))
#31 C:\xampp\htdocs\basic\web\index.php(12): yii\base\Application->run()
#32 {main}
Additional Information:

2019-11-04 05:15:13 [127.0.0.1][-][llfptmj03pbsivavvd2ouq5ibb][info][application] $_GET = [
    'r' => 'gii/default/view'
    'id' => 'model'
]

$_POST = []

$_FILES = []

$_COOKIE = [
    '__lfcc' => '1'
    'PHPSESSID' => 'llfptmj03pbsivavvd2ouq5ibb'
    '_csrf' => '72679ed7e297092ed1b9a8fa29dfef7eebb361279c607fadeda20e8aa09b5d47a:2:{i:0;s:5:\"_csrf\";i:1;s:32:\"sMeqAF6At6gDtZ38xaLmgXcVWKI7Xr85\";}'
    '__lncc_www_yiiframework_com' => '1'
]

$_SESSION = [
    '__flash' => []
    '__captcha/site/captcha' => 'cfjugc'
    '__captcha/site/captchacount' => 1
]

$_SERVER = [
    'MIBDIRS' => 'C:/xampp/php/extras/mibs'
    'MYSQL_HOME' => '\\xampp\\mysql\\bin'
    'OPENSSL_CONF' => 'C:/xampp/apache/bin/openssl.cnf'
    'PHP_PEAR_SYSCONF_DIR' => '\\xampp\\php'
    'PHPRC' => '\\xampp\\php'
    'TMP' => '\\xampp\\tmp'
    'HTTP_HOST' => 'localhost'
    'HTTP_USER_AGENT' => 'Mozilla/5.0 (Windows NT 10.0; Win64; x64; rv:70.0) Gecko/20100101 Firefox/70.0'
    'HTTP_ACCEPT' => 'text/html,application/xhtml+xml,application/xml;q=0.9,*/*;q=0.8'
    'HTTP_ACCEPT_LANGUAGE' => 'en-US,en;q=0.5'
    'HTTP_ACCEPT_ENCODING' => 'gzip, deflate'
    'HTTP_CONNECTION' => 'keep-alive'
    'HTTP_REFERER' => 'http://localhost/basic/web/index.php?r=gii'
    'HTTP_COOKIE' => '__lfcc=1; PHPSESSID=llfptmj03pbsivavvd2ouq5ibb; _csrf=72679ed7e297092ed1b9a8fa29dfef7eebb361279c607fadeda20e8aa09b5d47a%3A2%3A%7Bi%3A0%3Bs%3A5%3A%22_csrf%22%3Bi%3A1%3Bs%3A32%3A%22sMeqAF6At6gDtZ38xaLmgXcVWKI7Xr85%22%3B%7D; __lncc_www.yiiframework.com=1'
    'HTTP_UPGRADE_INSECURE_REQUESTS' => '1'
    'PATH' => 'C:\\Program Files\\Java\\jdk-11.0.3\\bin;C:\\WINDOWS\\system32;C:\\WINDOWS;C:\\WINDOWS\\System32\\Wbem;C:\\WINDOWS\\System32\\WindowsPowerShell\\v1.0\\;C:\\WINDOWS\\System32\\OpenSSH\\;C:\\xampp\\php;C:\\composer;C:\\Users\\ASUS\\AppData\\Local\\Microsoft\\WindowsApps;;C:\\Program Files\\JetBrains\\IntelliJ IDEA Community Edition 2019.1.3\\bin;;C:\\Users\\ASUS\\AppData\\Roaming\\Composer\\vendor\\bin'
    'SystemRoot' => 'C:\\WINDOWS'
    'COMSPEC' => 'C:\\WINDOWS\\system32\\cmd.exe'
    'PATHEXT' => '.COM;.EXE;.BAT;.CMD;.VBS;.VBE;.JS;.JSE;.WSF;.WSH;.MSC'
    'WINDIR' => 'C:\\WINDOWS'
    'SERVER_SIGNATURE' => '<address>Apache/2.4.38 (Win32) OpenSSL/1.1.1a PHP/7.3.2 Server at localhost Port 80</address>
'
    'SERVER_SOFTWARE' => 'Apache/2.4.38 (Win32) OpenSSL/1.1.1a PHP/7.3.2'
    'SERVER_NAME' => 'localhost'
    'SERVER_ADDR' => '127.0.0.1'
    'SERVER_PORT' => '80'
    'REMOTE_ADDR' => '127.0.0.1'
    'DOCUMENT_ROOT' => 'C:/xampp/htdocs'
    'REQUEST_SCHEME' => 'http'
    'CONTEXT_PREFIX' => ''
    'CONTEXT_DOCUMENT_ROOT' => 'C:/xampp/htdocs'
    'SERVER_ADMIN' => 'postmaster@localhost'
    'SCRIPT_FILENAME' => 'C:/xampp/htdocs/basic/web/index.php'
    'REMOTE_PORT' => '64038'
    'GATEWAY_INTERFACE' => 'CGI/1.1'
    'SERVER_PROTOCOL' => 'HTTP/1.1'
    'REQUEST_METHOD' => 'GET'
    'QUERY_STRING' => 'r=gii%2Fdefault%2Fview&id=model'
    'REQUEST_URI' => '/basic/web/index.php?r=gii%2Fdefault%2Fview&id=model'
    'SCRIPT_NAME' => '/basic/web/index.php'
    'PHP_SELF' => '/basic/web/index.php'
    'REQUEST_TIME_FLOAT' => 1572840913.851
    'REQUEST_TIME' => 1572840913
]
2019-11-04 05:15:56 [127.0.0.1][-][llfptmj03pbsivavvd2ouq5ibb][error][yii\db\Exception] PDOException: SQLSTATE[HY000] [1049] Unknown database 'yii2basic' in C:\xampp\htdocs\basic\vendor\yiisoft\yii2\db\Connection.php:698
Stack trace:
#0 C:\xampp\htdocs\basic\vendor\yiisoft\yii2\db\Connection.php(698): PDO->__construct('mysql:host=loca...', 'root', '', NULL)
#1 C:\xampp\htdocs\basic\vendor\yiisoft\yii2\db\Connection.php(624): yii\db\Connection->createPdoInstance()
#2 C:\xampp\htdocs\basic\vendor\yiisoft\yii2\db\Connection.php(1015): yii\db\Connection->open()
#3 C:\xampp\htdocs\basic\vendor\yiisoft\yii2\db\Connection.php(1002): yii\db\Connection->getMasterPdo()
#4 C:\xampp\htdocs\basic\vendor\yiisoft\yii2\db\Command.php(253): yii\db\Connection->getSlavePdo()
#5 C:\xampp\htdocs\basic\vendor\yiisoft\yii2\db\Command.php(1153): yii\db\Command->prepare(true)
#6 C:\xampp\htdocs\basic\vendor\yiisoft\yii2\db\Command.php(442): yii\db\Command->queryInternal('fetchAll', 7)
#7 C:\xampp\htdocs\basic\vendor\yiisoft\yii2\db\mysql\Schema.php(114): yii\db\Command->queryColumn()
#8 C:\xampp\htdocs\basic\vendor\yiisoft\yii2\db\Schema.php(236): yii\db\mysql\Schema->findTableNames('')
#9 C:\xampp\htdocs\basic\vendor\yiisoft\yii2-gii\src\generators\model\Generator.php(171): yii\db\Schema->getTableNames()
#10 [internal function]: yii\gii\generators\model\Generator->yii\gii\generators\model\{closure}()
#11 C:\xampp\htdocs\basic\vendor\yiisoft\yii2-gii\src\components\ActiveField.php(46): call_user_func(Object(Closure))
#12 C:\xampp\htdocs\basic\vendor\yiisoft\yii2\base\BaseObject.php(109): yii\gii\components\ActiveField->init()
#13 [internal function]: yii\base\BaseObject->__construct(Array)
#14 C:\xampp\htdocs\basic\vendor\yiisoft\yii2\di\Container.php(400): ReflectionClass->newInstanceArgs(Array)
#15 C:\xampp\htdocs\basic\vendor\yiisoft\yii2\di\Container.php(159): yii\di\Container->build('yii\\gii\\compone...', Array, Array)
#16 C:\xampp\htdocs\basic\vendor\yiisoft\yii2\BaseYii.php(351): yii\di\Container->get('yii\\gii\\compone...', Array, Array)
#17 C:\xampp\htdocs\basic\vendor\yiisoft\yii2\widgets\ActiveForm.php(334): yii\BaseYii::createObject(Array)
#18 C:\xampp\htdocs\basic\vendor\yiisoft\yii2-gii\src\generators\model\form.php(9): yii\widgets\ActiveForm->field(Object(yii\gii\generators\model\Generator), 'tableName')
#19 C:\xampp\htdocs\basic\vendor\yiisoft\yii2\base\View.php(348): require('C:\\xampp\\htdocs...')
#20 C:\xampp\htdocs\basic\vendor\yiisoft\yii2\base\View.php(257): yii\base\View->renderPhpFile('C:\\xampp\\htdocs...', '[<span class="s...')
#21 C:\xampp\htdocs\basic\vendor\yiisoft\yii2-gii\src\views\default\view.php(43): yii\base\View->renderFile('C:\\xampp\\htdocs...', Array)
#22 C:\xampp\htdocs\basic\vendor\yiisoft\yii2\base\View.php(348): require('C:\\xampp\\htdocs...')
#23 C:\xampp\htdocs\basic\vendor\yiisoft\yii2\base\View.php(257): yii\base\View->renderPhpFile('C:\\xampp\\htdocs...', '[<span class="s...')
#24 C:\xampp\htdocs\basic\vendor\yiisoft\yii2\base\View.php(156): yii\base\View->renderFile('C:\\xampp\\htdocs...', Array, Object(yii\gii\controllers\DefaultController))
#25 C:\xampp\htdocs\basic\vendor\yiisoft\yii2\base\Controller.php(386): yii\base\View->render('view', Array, Object(yii\gii\controllers\DefaultController))
#26 C:\xampp\htdocs\basic\vendor\yiisoft\yii2-gii\src\controllers\DefaultController.php(72): yii\base\Controller->render('view', Array)
#27 [internal function]: yii\gii\controllers\DefaultController->actionView('model')
#28 C:\xampp\htdocs\basic\vendor\yiisoft\yii2\base\InlineAction.php(57): call_user_func_array(Array, Array)
#29 C:\xampp\htdocs\basic\vendor\yiisoft\yii2\base\Controller.php(157): yii\base\InlineAction->runWithParams(Array)
#30 C:\xampp\htdocs\basic\vendor\yiisoft\yii2\base\Module.php(528): yii\base\Controller->runAction('view', Array)
#31 C:\xampp\htdocs\basic\vendor\yiisoft\yii2\web\Application.php(103): yii\base\Module->runAction('gii/default/vie...', Array)
#32 C:\xampp\htdocs\basic\vendor\yiisoft\yii2\base\Application.php(386): yii\web\Application->handleRequest(Object(yii\web\Request))
#33 C:\xampp\htdocs\basic\web\index.php(12): yii\base\Application->run()
#34 {main}

Next yii\db\Exception: SQLSTATE[HY000] [1049] Unknown database 'yii2basic' in C:\xampp\htdocs\basic\vendor\yiisoft\yii2\db\Connection.php:635
Stack trace:
#0 C:\xampp\htdocs\basic\vendor\yiisoft\yii2\db\Connection.php(1015): yii\db\Connection->open()
#1 C:\xampp\htdocs\basic\vendor\yiisoft\yii2\db\Connection.php(1002): yii\db\Connection->getMasterPdo()
#2 C:\xampp\htdocs\basic\vendor\yiisoft\yii2\db\Command.php(253): yii\db\Connection->getSlavePdo()
#3 C:\xampp\htdocs\basic\vendor\yiisoft\yii2\db\Command.php(1153): yii\db\Command->prepare(true)
#4 C:\xampp\htdocs\basic\vendor\yiisoft\yii2\db\Command.php(442): yii\db\Command->queryInternal('fetchAll', 7)
#5 C:\xampp\htdocs\basic\vendor\yiisoft\yii2\db\mysql\Schema.php(114): yii\db\Command->queryColumn()
#6 C:\xampp\htdocs\basic\vendor\yiisoft\yii2\db\Schema.php(236): yii\db\mysql\Schema->findTableNames('')
#7 C:\xampp\htdocs\basic\vendor\yiisoft\yii2-gii\src\generators\model\Generator.php(171): yii\db\Schema->getTableNames()
#8 [internal function]: yii\gii\generators\model\Generator->yii\gii\generators\model\{closure}()
#9 C:\xampp\htdocs\basic\vendor\yiisoft\yii2-gii\src\components\ActiveField.php(46): call_user_func(Object(Closure))
#10 C:\xampp\htdocs\basic\vendor\yiisoft\yii2\base\BaseObject.php(109): yii\gii\components\ActiveField->init()
#11 [internal function]: yii\base\BaseObject->__construct(Array)
#12 C:\xampp\htdocs\basic\vendor\yiisoft\yii2\di\Container.php(400): ReflectionClass->newInstanceArgs(Array)
#13 C:\xampp\htdocs\basic\vendor\yiisoft\yii2\di\Container.php(159): yii\di\Container->build('yii\\gii\\compone...', Array, Array)
#14 C:\xampp\htdocs\basic\vendor\yiisoft\yii2\BaseYii.php(351): yii\di\Container->get('yii\\gii\\compone...', Array, Array)
#15 C:\xampp\htdocs\basic\vendor\yiisoft\yii2\widgets\ActiveForm.php(334): yii\BaseYii::createObject(Array)
#16 C:\xampp\htdocs\basic\vendor\yiisoft\yii2-gii\src\generators\model\form.php(9): yii\widgets\ActiveForm->field(Object(yii\gii\generators\model\Generator), 'tableName')
#17 C:\xampp\htdocs\basic\vendor\yiisoft\yii2\base\View.php(348): require('C:\\xampp\\htdocs...')
#18 C:\xampp\htdocs\basic\vendor\yiisoft\yii2\base\View.php(257): yii\base\View->renderPhpFile('C:\\xampp\\htdocs...', '[<span class="s...')
#19 C:\xampp\htdocs\basic\vendor\yiisoft\yii2-gii\src\views\default\view.php(43): yii\base\View->renderFile('C:\\xampp\\htdocs...', Array)
#20 C:\xampp\htdocs\basic\vendor\yiisoft\yii2\base\View.php(348): require('C:\\xampp\\htdocs...')
#21 C:\xampp\htdocs\basic\vendor\yiisoft\yii2\base\View.php(257): yii\base\View->renderPhpFile('C:\\xampp\\htdocs...', '[<span class="s...')
#22 C:\xampp\htdocs\basic\vendor\yiisoft\yii2\base\View.php(156): yii\base\View->renderFile('C:\\xampp\\htdocs...', Array, Object(yii\gii\controllers\DefaultController))
#23 C:\xampp\htdocs\basic\vendor\yiisoft\yii2\base\Controller.php(386): yii\base\View->render('view', Array, Object(yii\gii\controllers\DefaultController))
#24 C:\xampp\htdocs\basic\vendor\yiisoft\yii2-gii\src\controllers\DefaultController.php(72): yii\base\Controller->render('view', Array)
#25 [internal function]: yii\gii\controllers\DefaultController->actionView('model')
#26 C:\xampp\htdocs\basic\vendor\yiisoft\yii2\base\InlineAction.php(57): call_user_func_array(Array, Array)
#27 C:\xampp\htdocs\basic\vendor\yiisoft\yii2\base\Controller.php(157): yii\base\InlineAction->runWithParams(Array)
#28 C:\xampp\htdocs\basic\vendor\yiisoft\yii2\base\Module.php(528): yii\base\Controller->runAction('view', Array)
#29 C:\xampp\htdocs\basic\vendor\yiisoft\yii2\web\Application.php(103): yii\base\Module->runAction('gii/default/vie...', Array)
#30 C:\xampp\htdocs\basic\vendor\yiisoft\yii2\base\Application.php(386): yii\web\Application->handleRequest(Object(yii\web\Request))
#31 C:\xampp\htdocs\basic\web\index.php(12): yii\base\Application->run()
#32 {main}
Additional Information:

2019-11-04 05:15:56 [127.0.0.1][-][llfptmj03pbsivavvd2ouq5ibb][info][application] $_GET = [
    'r' => 'gii/default/view'
    'id' => 'model'
]

$_POST = []

$_FILES = []

$_COOKIE = [
    '__lfcc' => '1'
    'PHPSESSID' => 'llfptmj03pbsivavvd2ouq5ibb'
    '_csrf' => '72679ed7e297092ed1b9a8fa29dfef7eebb361279c607fadeda20e8aa09b5d47a:2:{i:0;s:5:\"_csrf\";i:1;s:32:\"sMeqAF6At6gDtZ38xaLmgXcVWKI7Xr85\";}'
    '__lncc_www_yiiframework_com' => '1'
]

$_SESSION = [
    '__flash' => []
    '__captcha/site/captcha' => 'cfjugc'
    '__captcha/site/captchacount' => 1
]

$_SERVER = [
    'MIBDIRS' => 'C:/xampp/php/extras/mibs'
    'MYSQL_HOME' => '\\xampp\\mysql\\bin'
    'OPENSSL_CONF' => 'C:/xampp/apache/bin/openssl.cnf'
    'PHP_PEAR_SYSCONF_DIR' => '\\xampp\\php'
    'PHPRC' => '\\xampp\\php'
    'TMP' => '\\xampp\\tmp'
    'HTTP_HOST' => 'localhost'
    'HTTP_USER_AGENT' => 'Mozilla/5.0 (Windows NT 10.0; Win64; x64; rv:70.0) Gecko/20100101 Firefox/70.0'
    'HTTP_ACCEPT' => 'text/html,application/xhtml+xml,application/xml;q=0.9,*/*;q=0.8'
    'HTTP_ACCEPT_LANGUAGE' => 'en-US,en;q=0.5'
    'HTTP_ACCEPT_ENCODING' => 'gzip, deflate'
    'HTTP_CONNECTION' => 'keep-alive'
    'HTTP_REFERER' => 'http://localhost/basic/web/index.php?r=gii'
    'HTTP_COOKIE' => '__lfcc=1; PHPSESSID=llfptmj03pbsivavvd2ouq5ibb; _csrf=72679ed7e297092ed1b9a8fa29dfef7eebb361279c607fadeda20e8aa09b5d47a%3A2%3A%7Bi%3A0%3Bs%3A5%3A%22_csrf%22%3Bi%3A1%3Bs%3A32%3A%22sMeqAF6At6gDtZ38xaLmgXcVWKI7Xr85%22%3B%7D; __lncc_www.yiiframework.com=1'
    'HTTP_UPGRADE_INSECURE_REQUESTS' => '1'
    'PATH' => 'C:\\Program Files\\Java\\jdk-11.0.3\\bin;C:\\WINDOWS\\system32;C:\\WINDOWS;C:\\WINDOWS\\System32\\Wbem;C:\\WINDOWS\\System32\\WindowsPowerShell\\v1.0\\;C:\\WINDOWS\\System32\\OpenSSH\\;C:\\xampp\\php;C:\\composer;C:\\Users\\ASUS\\AppData\\Local\\Microsoft\\WindowsApps;;C:\\Program Files\\JetBrains\\IntelliJ IDEA Community Edition 2019.1.3\\bin;;C:\\Users\\ASUS\\AppData\\Roaming\\Composer\\vendor\\bin'
    'SystemRoot' => 'C:\\WINDOWS'
    'COMSPEC' => 'C:\\WINDOWS\\system32\\cmd.exe'
    'PATHEXT' => '.COM;.EXE;.BAT;.CMD;.VBS;.VBE;.JS;.JSE;.WSF;.WSH;.MSC'
    'WINDIR' => 'C:\\WINDOWS'
    'SERVER_SIGNATURE' => '<address>Apache/2.4.38 (Win32) OpenSSL/1.1.1a PHP/7.3.2 Server at localhost Port 80</address>
'
    'SERVER_SOFTWARE' => 'Apache/2.4.38 (Win32) OpenSSL/1.1.1a PHP/7.3.2'
    'SERVER_NAME' => 'localhost'
    'SERVER_ADDR' => '127.0.0.1'
    'SERVER_PORT' => '80'
    'REMOTE_ADDR' => '127.0.0.1'
    'DOCUMENT_ROOT' => 'C:/xampp/htdocs'
    'REQUEST_SCHEME' => 'http'
    'CONTEXT_PREFIX' => ''
    'CONTEXT_DOCUMENT_ROOT' => 'C:/xampp/htdocs'
    'SERVER_ADMIN' => 'postmaster@localhost'
    'SCRIPT_FILENAME' => 'C:/xampp/htdocs/basic/web/index.php'
    'REMOTE_PORT' => '64098'
    'GATEWAY_INTERFACE' => 'CGI/1.1'
    'SERVER_PROTOCOL' => 'HTTP/1.1'
    'REQUEST_METHOD' => 'GET'
    'QUERY_STRING' => 'r=gii%2Fdefault%2Fview&id=model'
    'REQUEST_URI' => '/basic/web/index.php?r=gii%2Fdefault%2Fview&id=model'
    'SCRIPT_NAME' => '/basic/web/index.php'
    'PHP_SELF' => '/basic/web/index.php'
    'REQUEST_TIME_FLOAT' => 1572840956.19
    'REQUEST_TIME' => 1572840956
]
2019-11-04 05:17:17 [127.0.0.1][-][llfptmj03pbsivavvd2ouq5ibb][error][yii\db\Exception] PDOException: SQLSTATE[HY000] [1049] Unknown database 'yii2basic' in C:\xampp\htdocs\basic\vendor\yiisoft\yii2\db\Connection.php:698
Stack trace:
#0 C:\xampp\htdocs\basic\vendor\yiisoft\yii2\db\Connection.php(698): PDO->__construct('mysql:host=loca...', 'root', '', NULL)
#1 C:\xampp\htdocs\basic\vendor\yiisoft\yii2\db\Connection.php(624): yii\db\Connection->createPdoInstance()
#2 C:\xampp\htdocs\basic\vendor\yiisoft\yii2\db\Connection.php(1015): yii\db\Connection->open()
#3 C:\xampp\htdocs\basic\vendor\yiisoft\yii2\db\Connection.php(1002): yii\db\Connection->getMasterPdo()
#4 C:\xampp\htdocs\basic\vendor\yiisoft\yii2\db\Command.php(253): yii\db\Connection->getSlavePdo()
#5 C:\xampp\htdocs\basic\vendor\yiisoft\yii2\db\Command.php(1153): yii\db\Command->prepare(true)
#6 C:\xampp\htdocs\basic\vendor\yiisoft\yii2\db\Command.php(442): yii\db\Command->queryInternal('fetchAll', 7)
#7 C:\xampp\htdocs\basic\vendor\yiisoft\yii2\db\mysql\Schema.php(114): yii\db\Command->queryColumn()
#8 C:\xampp\htdocs\basic\vendor\yiisoft\yii2\db\Schema.php(236): yii\db\mysql\Schema->findTableNames('')
#9 C:\xampp\htdocs\basic\vendor\yiisoft\yii2-gii\src\generators\model\Generator.php(171): yii\db\Schema->getTableNames()
#10 [internal function]: yii\gii\generators\model\Generator->yii\gii\generators\model\{closure}()
#11 C:\xampp\htdocs\basic\vendor\yiisoft\yii2-gii\src\components\ActiveField.php(46): call_user_func(Object(Closure))
#12 C:\xampp\htdocs\basic\vendor\yiisoft\yii2\base\BaseObject.php(109): yii\gii\components\ActiveField->init()
#13 [internal function]: yii\base\BaseObject->__construct(Array)
#14 C:\xampp\htdocs\basic\vendor\yiisoft\yii2\di\Container.php(400): ReflectionClass->newInstanceArgs(Array)
#15 C:\xampp\htdocs\basic\vendor\yiisoft\yii2\di\Container.php(159): yii\di\Container->build('yii\\gii\\compone...', Array, Array)
#16 C:\xampp\htdocs\basic\vendor\yiisoft\yii2\BaseYii.php(351): yii\di\Container->get('yii\\gii\\compone...', Array, Array)
#17 C:\xampp\htdocs\basic\vendor\yiisoft\yii2\widgets\ActiveForm.php(334): yii\BaseYii::createObject(Array)
#18 C:\xampp\htdocs\basic\vendor\yiisoft\yii2-gii\src\generators\model\form.php(9): yii\widgets\ActiveForm->field(Object(yii\gii\generators\model\Generator), 'tableName')
#19 C:\xampp\htdocs\basic\vendor\yiisoft\yii2\base\View.php(348): require('C:\\xampp\\htdocs...')
#20 C:\xampp\htdocs\basic\vendor\yiisoft\yii2\base\View.php(257): yii\base\View->renderPhpFile('C:\\xampp\\htdocs...', '[<span class="s...')
#21 C:\xampp\htdocs\basic\vendor\yiisoft\yii2-gii\src\views\default\view.php(43): yii\base\View->renderFile('C:\\xampp\\htdocs...', Array)
#22 C:\xampp\htdocs\basic\vendor\yiisoft\yii2\base\View.php(348): require('C:\\xampp\\htdocs...')
#23 C:\xampp\htdocs\basic\vendor\yiisoft\yii2\base\View.php(257): yii\base\View->renderPhpFile('C:\\xampp\\htdocs...', '[<span class="s...')
#24 C:\xampp\htdocs\basic\vendor\yiisoft\yii2\base\View.php(156): yii\base\View->renderFile('C:\\xampp\\htdocs...', Array, Object(yii\gii\controllers\DefaultController))
#25 C:\xampp\htdocs\basic\vendor\yiisoft\yii2\base\Controller.php(386): yii\base\View->render('view', Array, Object(yii\gii\controllers\DefaultController))
#26 C:\xampp\htdocs\basic\vendor\yiisoft\yii2-gii\src\controllers\DefaultController.php(72): yii\base\Controller->render('view', Array)
#27 [internal function]: yii\gii\controllers\DefaultController->actionView('model')
#28 C:\xampp\htdocs\basic\vendor\yiisoft\yii2\base\InlineAction.php(57): call_user_func_array(Array, Array)
#29 C:\xampp\htdocs\basic\vendor\yiisoft\yii2\base\Controller.php(157): yii\base\InlineAction->runWithParams(Array)
#30 C:\xampp\htdocs\basic\vendor\yiisoft\yii2\base\Module.php(528): yii\base\Controller->runAction('view', Array)
#31 C:\xampp\htdocs\basic\vendor\yiisoft\yii2\web\Application.php(103): yii\base\Module->runAction('gii/default/vie...', Array)
#32 C:\xampp\htdocs\basic\vendor\yiisoft\yii2\base\Application.php(386): yii\web\Application->handleRequest(Object(yii\web\Request))
#33 C:\xampp\htdocs\basic\web\index.php(12): yii\base\Application->run()
#34 {main}

Next yii\db\Exception: SQLSTATE[HY000] [1049] Unknown database 'yii2basic' in C:\xampp\htdocs\basic\vendor\yiisoft\yii2\db\Connection.php:635
Stack trace:
#0 C:\xampp\htdocs\basic\vendor\yiisoft\yii2\db\Connection.php(1015): yii\db\Connection->open()
#1 C:\xampp\htdocs\basic\vendor\yiisoft\yii2\db\Connection.php(1002): yii\db\Connection->getMasterPdo()
#2 C:\xampp\htdocs\basic\vendor\yiisoft\yii2\db\Command.php(253): yii\db\Connection->getSlavePdo()
#3 C:\xampp\htdocs\basic\vendor\yiisoft\yii2\db\Command.php(1153): yii\db\Command->prepare(true)
#4 C:\xampp\htdocs\basic\vendor\yiisoft\yii2\db\Command.php(442): yii\db\Command->queryInternal('fetchAll', 7)
#5 C:\xampp\htdocs\basic\vendor\yiisoft\yii2\db\mysql\Schema.php(114): yii\db\Command->queryColumn()
#6 C:\xampp\htdocs\basic\vendor\yiisoft\yii2\db\Schema.php(236): yii\db\mysql\Schema->findTableNames('')
#7 C:\xampp\htdocs\basic\vendor\yiisoft\yii2-gii\src\generators\model\Generator.php(171): yii\db\Schema->getTableNames()
#8 [internal function]: yii\gii\generators\model\Generator->yii\gii\generators\model\{closure}()
#9 C:\xampp\htdocs\basic\vendor\yiisoft\yii2-gii\src\components\ActiveField.php(46): call_user_func(Object(Closure))
#10 C:\xampp\htdocs\basic\vendor\yiisoft\yii2\base\BaseObject.php(109): yii\gii\components\ActiveField->init()
#11 [internal function]: yii\base\BaseObject->__construct(Array)
#12 C:\xampp\htdocs\basic\vendor\yiisoft\yii2\di\Container.php(400): ReflectionClass->newInstanceArgs(Array)
#13 C:\xampp\htdocs\basic\vendor\yiisoft\yii2\di\Container.php(159): yii\di\Container->build('yii\\gii\\compone...', Array, Array)
#14 C:\xampp\htdocs\basic\vendor\yiisoft\yii2\BaseYii.php(351): yii\di\Container->get('yii\\gii\\compone...', Array, Array)
#15 C:\xampp\htdocs\basic\vendor\yiisoft\yii2\widgets\ActiveForm.php(334): yii\BaseYii::createObject(Array)
#16 C:\xampp\htdocs\basic\vendor\yiisoft\yii2-gii\src\generators\model\form.php(9): yii\widgets\ActiveForm->field(Object(yii\gii\generators\model\Generator), 'tableName')
#17 C:\xampp\htdocs\basic\vendor\yiisoft\yii2\base\View.php(348): require('C:\\xampp\\htdocs...')
#18 C:\xampp\htdocs\basic\vendor\yiisoft\yii2\base\View.php(257): yii\base\View->renderPhpFile('C:\\xampp\\htdocs...', '[<span class="s...')
#19 C:\xampp\htdocs\basic\vendor\yiisoft\yii2-gii\src\views\default\view.php(43): yii\base\View->renderFile('C:\\xampp\\htdocs...', Array)
#20 C:\xampp\htdocs\basic\vendor\yiisoft\yii2\base\View.php(348): require('C:\\xampp\\htdocs...')
#21 C:\xampp\htdocs\basic\vendor\yiisoft\yii2\base\View.php(257): yii\base\View->renderPhpFile('C:\\xampp\\htdocs...', '[<span class="s...')
#22 C:\xampp\htdocs\basic\vendor\yiisoft\yii2\base\View.php(156): yii\base\View->renderFile('C:\\xampp\\htdocs...', Array, Object(yii\gii\controllers\DefaultController))
#23 C:\xampp\htdocs\basic\vendor\yiisoft\yii2\base\Controller.php(386): yii\base\View->render('view', Array, Object(yii\gii\controllers\DefaultController))
#24 C:\xampp\htdocs\basic\vendor\yiisoft\yii2-gii\src\controllers\DefaultController.php(72): yii\base\Controller->render('view', Array)
#25 [internal function]: yii\gii\controllers\DefaultController->actionView('model')
#26 C:\xampp\htdocs\basic\vendor\yiisoft\yii2\base\InlineAction.php(57): call_user_func_array(Array, Array)
#27 C:\xampp\htdocs\basic\vendor\yiisoft\yii2\base\Controller.php(157): yii\base\InlineAction->runWithParams(Array)
#28 C:\xampp\htdocs\basic\vendor\yiisoft\yii2\base\Module.php(528): yii\base\Controller->runAction('view', Array)
#29 C:\xampp\htdocs\basic\vendor\yiisoft\yii2\web\Application.php(103): yii\base\Module->runAction('gii/default/vie...', Array)
#30 C:\xampp\htdocs\basic\vendor\yiisoft\yii2\base\Application.php(386): yii\web\Application->handleRequest(Object(yii\web\Request))
#31 C:\xampp\htdocs\basic\web\index.php(12): yii\base\Application->run()
#32 {main}
Additional Information:

2019-11-04 05:17:17 [127.0.0.1][-][llfptmj03pbsivavvd2ouq5ibb][info][application] $_GET = [
    'r' => 'gii/default/view'
    'id' => 'model'
]

$_POST = []

$_FILES = []

$_COOKIE = [
    '__lfcc' => '1'
    'PHPSESSID' => 'llfptmj03pbsivavvd2ouq5ibb'
    '_csrf' => '72679ed7e297092ed1b9a8fa29dfef7eebb361279c607fadeda20e8aa09b5d47a:2:{i:0;s:5:\"_csrf\";i:1;s:32:\"sMeqAF6At6gDtZ38xaLmgXcVWKI7Xr85\";}'
    '__lncc_www_yiiframework_com' => '1'
]

$_SESSION = [
    '__flash' => []
    '__captcha/site/captcha' => 'cfjugc'
    '__captcha/site/captchacount' => 1
]

$_SERVER = [
    'MIBDIRS' => 'C:/xampp/php/extras/mibs'
    'MYSQL_HOME' => '\\xampp\\mysql\\bin'
    'OPENSSL_CONF' => 'C:/xampp/apache/bin/openssl.cnf'
    'PHP_PEAR_SYSCONF_DIR' => '\\xampp\\php'
    'PHPRC' => '\\xampp\\php'
    'TMP' => '\\xampp\\tmp'
    'HTTP_HOST' => 'localhost'
    'HTTP_USER_AGENT' => 'Mozilla/5.0 (Windows NT 10.0; Win64; x64; rv:70.0) Gecko/20100101 Firefox/70.0'
    'HTTP_ACCEPT' => 'text/html,application/xhtml+xml,application/xml;q=0.9,*/*;q=0.8'
    'HTTP_ACCEPT_LANGUAGE' => 'en-US,en;q=0.5'
    'HTTP_ACCEPT_ENCODING' => 'gzip, deflate'
    'HTTP_CONNECTION' => 'keep-alive'
    'HTTP_REFERER' => 'http://localhost/basic/web/index.php?r=gii'
    'HTTP_COOKIE' => '__lfcc=1; PHPSESSID=llfptmj03pbsivavvd2ouq5ibb; _csrf=72679ed7e297092ed1b9a8fa29dfef7eebb361279c607fadeda20e8aa09b5d47a%3A2%3A%7Bi%3A0%3Bs%3A5%3A%22_csrf%22%3Bi%3A1%3Bs%3A32%3A%22sMeqAF6At6gDtZ38xaLmgXcVWKI7Xr85%22%3B%7D; __lncc_www.yiiframework.com=1'
    'HTTP_UPGRADE_INSECURE_REQUESTS' => '1'
    'PATH' => 'C:\\Program Files\\Java\\jdk-11.0.3\\bin;C:\\WINDOWS\\system32;C:\\WINDOWS;C:\\WINDOWS\\System32\\Wbem;C:\\WINDOWS\\System32\\WindowsPowerShell\\v1.0\\;C:\\WINDOWS\\System32\\OpenSSH\\;C:\\xampp\\php;C:\\composer;C:\\Users\\ASUS\\AppData\\Local\\Microsoft\\WindowsApps;;C:\\Program Files\\JetBrains\\IntelliJ IDEA Community Edition 2019.1.3\\bin;;C:\\Users\\ASUS\\AppData\\Roaming\\Composer\\vendor\\bin'
    'SystemRoot' => 'C:\\WINDOWS'
    'COMSPEC' => 'C:\\WINDOWS\\system32\\cmd.exe'
    'PATHEXT' => '.COM;.EXE;.BAT;.CMD;.VBS;.VBE;.JS;.JSE;.WSF;.WSH;.MSC'
    'WINDIR' => 'C:\\WINDOWS'
    'SERVER_SIGNATURE' => '<address>Apache/2.4.38 (Win32) OpenSSL/1.1.1a PHP/7.3.2 Server at localhost Port 80</address>
'
    'SERVER_SOFTWARE' => 'Apache/2.4.38 (Win32) OpenSSL/1.1.1a PHP/7.3.2'
    'SERVER_NAME' => 'localhost'
    'SERVER_ADDR' => '127.0.0.1'
    'SERVER_PORT' => '80'
    'REMOTE_ADDR' => '127.0.0.1'
    'DOCUMENT_ROOT' => 'C:/xampp/htdocs'
    'REQUEST_SCHEME' => 'http'
    'CONTEXT_PREFIX' => ''
    'CONTEXT_DOCUMENT_ROOT' => 'C:/xampp/htdocs'
    'SERVER_ADMIN' => 'postmaster@localhost'
    'SCRIPT_FILENAME' => 'C:/xampp/htdocs/basic/web/index.php'
    'REMOTE_PORT' => '64142'
    'GATEWAY_INTERFACE' => 'CGI/1.1'
    'SERVER_PROTOCOL' => 'HTTP/1.1'
    'REQUEST_METHOD' => 'GET'
    'QUERY_STRING' => 'r=gii%2Fdefault%2Fview&id=model'
    'REQUEST_URI' => '/basic/web/index.php?r=gii%2Fdefault%2Fview&id=model'
    'SCRIPT_NAME' => '/basic/web/index.php'
    'PHP_SELF' => '/basic/web/index.php'
    'REQUEST_TIME_FLOAT' => 1572841037.277
    'REQUEST_TIME' => 1572841037
]
2019-11-04 05:43:39 [127.0.0.1][-][llfptmj03pbsivavvd2ouq5ibb][error][yii\web\HttpException:404] yii\base\InvalidRouteException: Unable to resolve the request "users/Index". in C:\xampp\htdocs\basic\vendor\yiisoft\yii2\base\Module.php:537
Stack trace:
#0 C:\xampp\htdocs\basic\vendor\yiisoft\yii2\web\Application.php(103): yii\base\Module->runAction('users/Index', Array)
#1 C:\xampp\htdocs\basic\vendor\yiisoft\yii2\base\Application.php(386): yii\web\Application->handleRequest(Object(yii\web\Request))
#2 C:\xampp\htdocs\basic\web\index.php(12): yii\base\Application->run()
#3 {main}

Next yii\web\NotFoundHttpException: Page not found. in C:\xampp\htdocs\basic\vendor\yiisoft\yii2\web\Application.php:115
Stack trace:
#0 C:\xampp\htdocs\basic\vendor\yiisoft\yii2\base\Application.php(386): yii\web\Application->handleRequest(Object(yii\web\Request))
#1 C:\xampp\htdocs\basic\web\index.php(12): yii\base\Application->run()
#2 {main}
2019-11-04 05:43:38 [127.0.0.1][-][llfptmj03pbsivavvd2ouq5ibb][info][application] $_GET = [
    'r' => 'users/Index'
]

$_POST = []

$_FILES = []

$_COOKIE = [
    '__lfcc' => '1'
    'PHPSESSID' => 'llfptmj03pbsivavvd2ouq5ibb'
    '_csrf' => '72679ed7e297092ed1b9a8fa29dfef7eebb361279c607fadeda20e8aa09b5d47a:2:{i:0;s:5:\"_csrf\";i:1;s:32:\"sMeqAF6At6gDtZ38xaLmgXcVWKI7Xr85\";}'
]

$_SESSION = [
    '__flash' => []
    '__captcha/site/captcha' => 'cfjugc'
    '__captcha/site/captchacount' => 1
]

$_SERVER = [
    'MIBDIRS' => 'C:/xampp/php/extras/mibs'
    'MYSQL_HOME' => '\\xampp\\mysql\\bin'
    'OPENSSL_CONF' => 'C:/xampp/apache/bin/openssl.cnf'
    'PHP_PEAR_SYSCONF_DIR' => '\\xampp\\php'
    'PHPRC' => '\\xampp\\php'
    'TMP' => '\\xampp\\tmp'
    'HTTP_HOST' => 'localhost'
    'HTTP_USER_AGENT' => 'Mozilla/5.0 (Windows NT 10.0; Win64; x64; rv:70.0) Gecko/20100101 Firefox/70.0'
    'HTTP_ACCEPT' => 'text/html,application/xhtml+xml,application/xml;q=0.9,*/*;q=0.8'
    'HTTP_ACCEPT_LANGUAGE' => 'en-US,en;q=0.5'
    'HTTP_ACCEPT_ENCODING' => 'gzip, deflate'
    'HTTP_CONNECTION' => 'keep-alive'
    'HTTP_COOKIE' => '__lfcc=1; PHPSESSID=llfptmj03pbsivavvd2ouq5ibb; _csrf=72679ed7e297092ed1b9a8fa29dfef7eebb361279c607fadeda20e8aa09b5d47a%3A2%3A%7Bi%3A0%3Bs%3A5%3A%22_csrf%22%3Bi%3A1%3Bs%3A32%3A%22sMeqAF6At6gDtZ38xaLmgXcVWKI7Xr85%22%3B%7D'
    'HTTP_UPGRADE_INSECURE_REQUESTS' => '1'
    'PATH' => 'C:\\Program Files\\Java\\jdk-11.0.3\\bin;C:\\WINDOWS\\system32;C:\\WINDOWS;C:\\WINDOWS\\System32\\Wbem;C:\\WINDOWS\\System32\\WindowsPowerShell\\v1.0\\;C:\\WINDOWS\\System32\\OpenSSH\\;C:\\xampp\\php;C:\\composer;C:\\Users\\ASUS\\AppData\\Local\\Microsoft\\WindowsApps;;C:\\Program Files\\JetBrains\\IntelliJ IDEA Community Edition 2019.1.3\\bin;;C:\\Users\\ASUS\\AppData\\Roaming\\Composer\\vendor\\bin'
    'SystemRoot' => 'C:\\WINDOWS'
    'COMSPEC' => 'C:\\WINDOWS\\system32\\cmd.exe'
    'PATHEXT' => '.COM;.EXE;.BAT;.CMD;.VBS;.VBE;.JS;.JSE;.WSF;.WSH;.MSC'
    'WINDIR' => 'C:\\WINDOWS'
    'SERVER_SIGNATURE' => '<address>Apache/2.4.38 (Win32) OpenSSL/1.1.1a PHP/7.3.2 Server at localhost Port 80</address>
'
    'SERVER_SOFTWARE' => 'Apache/2.4.38 (Win32) OpenSSL/1.1.1a PHP/7.3.2'
    'SERVER_NAME' => 'localhost'
    'SERVER_ADDR' => '127.0.0.1'
    'SERVER_PORT' => '80'
    'REMOTE_ADDR' => '127.0.0.1'
    'DOCUMENT_ROOT' => 'C:/xampp/htdocs'
    'REQUEST_SCHEME' => 'http'
    'CONTEXT_PREFIX' => ''
    'CONTEXT_DOCUMENT_ROOT' => 'C:/xampp/htdocs'
    'SERVER_ADMIN' => 'postmaster@localhost'
    'SCRIPT_FILENAME' => 'C:/xampp/htdocs/basic/web/index.php'
    'REMOTE_PORT' => '64951'
    'GATEWAY_INTERFACE' => 'CGI/1.1'
    'SERVER_PROTOCOL' => 'HTTP/1.1'
    'REQUEST_METHOD' => 'GET'
    'QUERY_STRING' => 'r=users%2FIndex'
    'REQUEST_URI' => '/basic/web/index.php?r=users%2FIndex'
    'SCRIPT_NAME' => '/basic/web/index.php'
    'PHP_SELF' => '/basic/web/index.php'
    'REQUEST_TIME_FLOAT' => 1572842618.958
    'REQUEST_TIME' => 1572842618
]
2019-11-04 05:43:47 [127.0.0.1][-][llfptmj03pbsivavvd2ouq5ibb][error][yii\web\HttpException:404] yii\base\InvalidRouteException: Unable to resolve the request "Users/Index". in C:\xampp\htdocs\basic\vendor\yiisoft\yii2\base\Module.php:537
Stack trace:
#0 C:\xampp\htdocs\basic\vendor\yiisoft\yii2\web\Application.php(103): yii\base\Module->runAction('Users/Index', Array)
#1 C:\xampp\htdocs\basic\vendor\yiisoft\yii2\base\Application.php(386): yii\web\Application->handleRequest(Object(yii\web\Request))
#2 C:\xampp\htdocs\basic\web\index.php(12): yii\base\Application->run()
#3 {main}

Next yii\web\NotFoundHttpException: Page not found. in C:\xampp\htdocs\basic\vendor\yiisoft\yii2\web\Application.php:115
Stack trace:
#0 C:\xampp\htdocs\basic\vendor\yiisoft\yii2\base\Application.php(386): yii\web\Application->handleRequest(Object(yii\web\Request))
#1 C:\xampp\htdocs\basic\web\index.php(12): yii\base\Application->run()
#2 {main}
2019-11-04 05:43:47 [127.0.0.1][-][llfptmj03pbsivavvd2ouq5ibb][info][application] $_GET = [
    'r' => 'Users/Index'
]

$_POST = []

$_FILES = []

$_COOKIE = [
    '__lfcc' => '1'
    'PHPSESSID' => 'llfptmj03pbsivavvd2ouq5ibb'
    '_csrf' => '72679ed7e297092ed1b9a8fa29dfef7eebb361279c607fadeda20e8aa09b5d47a:2:{i:0;s:5:\"_csrf\";i:1;s:32:\"sMeqAF6At6gDtZ38xaLmgXcVWKI7Xr85\";}'
]

$_SESSION = [
    '__flash' => []
    '__captcha/site/captcha' => 'cfjugc'
    '__captcha/site/captchacount' => 1
]

$_SERVER = [
    'MIBDIRS' => 'C:/xampp/php/extras/mibs'
    'MYSQL_HOME' => '\\xampp\\mysql\\bin'
    'OPENSSL_CONF' => 'C:/xampp/apache/bin/openssl.cnf'
    'PHP_PEAR_SYSCONF_DIR' => '\\xampp\\php'
    'PHPRC' => '\\xampp\\php'
    'TMP' => '\\xampp\\tmp'
    'HTTP_HOST' => 'localhost'
    'HTTP_USER_AGENT' => 'Mozilla/5.0 (Windows NT 10.0; Win64; x64; rv:70.0) Gecko/20100101 Firefox/70.0'
    'HTTP_ACCEPT' => 'text/html,application/xhtml+xml,application/xml;q=0.9,*/*;q=0.8'
    'HTTP_ACCEPT_LANGUAGE' => 'en-US,en;q=0.5'
    'HTTP_ACCEPT_ENCODING' => 'gzip, deflate'
    'HTTP_CONNECTION' => 'keep-alive'
    'HTTP_COOKIE' => '__lfcc=1; PHPSESSID=llfptmj03pbsivavvd2ouq5ibb; _csrf=72679ed7e297092ed1b9a8fa29dfef7eebb361279c607fadeda20e8aa09b5d47a%3A2%3A%7Bi%3A0%3Bs%3A5%3A%22_csrf%22%3Bi%3A1%3Bs%3A32%3A%22sMeqAF6At6gDtZ38xaLmgXcVWKI7Xr85%22%3B%7D'
    'HTTP_UPGRADE_INSECURE_REQUESTS' => '1'
    'PATH' => 'C:\\Program Files\\Java\\jdk-11.0.3\\bin;C:\\WINDOWS\\system32;C:\\WINDOWS;C:\\WINDOWS\\System32\\Wbem;C:\\WINDOWS\\System32\\WindowsPowerShell\\v1.0\\;C:\\WINDOWS\\System32\\OpenSSH\\;C:\\xampp\\php;C:\\composer;C:\\Users\\ASUS\\AppData\\Local\\Microsoft\\WindowsApps;;C:\\Program Files\\JetBrains\\IntelliJ IDEA Community Edition 2019.1.3\\bin;;C:\\Users\\ASUS\\AppData\\Roaming\\Composer\\vendor\\bin'
    'SystemRoot' => 'C:\\WINDOWS'
    'COMSPEC' => 'C:\\WINDOWS\\system32\\cmd.exe'
    'PATHEXT' => '.COM;.EXE;.BAT;.CMD;.VBS;.VBE;.JS;.JSE;.WSF;.WSH;.MSC'
    'WINDIR' => 'C:\\WINDOWS'
    'SERVER_SIGNATURE' => '<address>Apache/2.4.38 (Win32) OpenSSL/1.1.1a PHP/7.3.2 Server at localhost Port 80</address>
'
    'SERVER_SOFTWARE' => 'Apache/2.4.38 (Win32) OpenSSL/1.1.1a PHP/7.3.2'
    'SERVER_NAME' => 'localhost'
    'SERVER_ADDR' => '127.0.0.1'
    'SERVER_PORT' => '80'
    'REMOTE_ADDR' => '127.0.0.1'
    'DOCUMENT_ROOT' => 'C:/xampp/htdocs'
    'REQUEST_SCHEME' => 'http'
    'CONTEXT_PREFIX' => ''
    'CONTEXT_DOCUMENT_ROOT' => 'C:/xampp/htdocs'
    'SERVER_ADMIN' => 'postmaster@localhost'
    'SCRIPT_FILENAME' => 'C:/xampp/htdocs/basic/web/index.php'
    'REMOTE_PORT' => '64958'
    'GATEWAY_INTERFACE' => 'CGI/1.1'
    'SERVER_PROTOCOL' => 'HTTP/1.1'
    'REQUEST_METHOD' => 'GET'
    'QUERY_STRING' => 'r=Users%2FIndex'
    'REQUEST_URI' => '/basic/web/index.php?r=Users%2FIndex'
    'SCRIPT_NAME' => '/basic/web/index.php'
    'PHP_SELF' => '/basic/web/index.php'
    'REQUEST_TIME_FLOAT' => 1572842627.251
    'REQUEST_TIME' => 1572842627
]
2019-11-04 05:45:42 [127.0.0.1][-][llfptmj03pbsivavvd2ouq5ibb][error][yii\web\HttpException:404] yii\base\InvalidRouteException: Unable to resolve the request "Users/Index". in C:\xampp\htdocs\basic\vendor\yiisoft\yii2\base\Module.php:537
Stack trace:
#0 C:\xampp\htdocs\basic\vendor\yiisoft\yii2\web\Application.php(103): yii\base\Module->runAction('Users/Index', Array)
#1 C:\xampp\htdocs\basic\vendor\yiisoft\yii2\base\Application.php(386): yii\web\Application->handleRequest(Object(yii\web\Request))
#2 C:\xampp\htdocs\basic\web\index.php(12): yii\base\Application->run()
#3 {main}

Next yii\web\NotFoundHttpException: Page not found. in C:\xampp\htdocs\basic\vendor\yiisoft\yii2\web\Application.php:115
Stack trace:
#0 C:\xampp\htdocs\basic\vendor\yiisoft\yii2\base\Application.php(386): yii\web\Application->handleRequest(Object(yii\web\Request))
#1 C:\xampp\htdocs\basic\web\index.php(12): yii\base\Application->run()
#2 {main}
2019-11-04 05:45:42 [127.0.0.1][-][llfptmj03pbsivavvd2ouq5ibb][info][application] $_GET = [
    'r' => 'Users/Index'
]

$_POST = []

$_FILES = []

$_COOKIE = [
    '__lfcc' => '1'
    'PHPSESSID' => 'llfptmj03pbsivavvd2ouq5ibb'
    '_csrf' => '72679ed7e297092ed1b9a8fa29dfef7eebb361279c607fadeda20e8aa09b5d47a:2:{i:0;s:5:\"_csrf\";i:1;s:32:\"sMeqAF6At6gDtZ38xaLmgXcVWKI7Xr85\";}'
]

$_SESSION = [
    '__flash' => []
    '__captcha/site/captcha' => 'cfjugc'
    '__captcha/site/captchacount' => 1
]

$_SERVER = [
    'MIBDIRS' => 'C:/xampp/php/extras/mibs'
    'MYSQL_HOME' => '\\xampp\\mysql\\bin'
    'OPENSSL_CONF' => 'C:/xampp/apache/bin/openssl.cnf'
    'PHP_PEAR_SYSCONF_DIR' => '\\xampp\\php'
    'PHPRC' => '\\xampp\\php'
    'TMP' => '\\xampp\\tmp'
    'HTTP_HOST' => 'localhost'
    'HTTP_USER_AGENT' => 'Mozilla/5.0 (Windows NT 10.0; Win64; x64; rv:70.0) Gecko/20100101 Firefox/70.0'
    'HTTP_ACCEPT' => 'text/html,application/xhtml+xml,application/xml;q=0.9,*/*;q=0.8'
    'HTTP_ACCEPT_LANGUAGE' => 'en-US,en;q=0.5'
    'HTTP_ACCEPT_ENCODING' => 'gzip, deflate'
    'HTTP_CONNECTION' => 'keep-alive'
    'HTTP_COOKIE' => '__lfcc=1; PHPSESSID=llfptmj03pbsivavvd2ouq5ibb; _csrf=72679ed7e297092ed1b9a8fa29dfef7eebb361279c607fadeda20e8aa09b5d47a%3A2%3A%7Bi%3A0%3Bs%3A5%3A%22_csrf%22%3Bi%3A1%3Bs%3A32%3A%22sMeqAF6At6gDtZ38xaLmgXcVWKI7Xr85%22%3B%7D'
    'HTTP_UPGRADE_INSECURE_REQUESTS' => '1'
    'PATH' => 'C:\\Program Files\\Java\\jdk-11.0.3\\bin;C:\\WINDOWS\\system32;C:\\WINDOWS;C:\\WINDOWS\\System32\\Wbem;C:\\WINDOWS\\System32\\WindowsPowerShell\\v1.0\\;C:\\WINDOWS\\System32\\OpenSSH\\;C:\\xampp\\php;C:\\composer;C:\\Users\\ASUS\\AppData\\Local\\Microsoft\\WindowsApps;;C:\\Program Files\\JetBrains\\IntelliJ IDEA Community Edition 2019.1.3\\bin;;C:\\Users\\ASUS\\AppData\\Roaming\\Composer\\vendor\\bin'
    'SystemRoot' => 'C:\\WINDOWS'
    'COMSPEC' => 'C:\\WINDOWS\\system32\\cmd.exe'
    'PATHEXT' => '.COM;.EXE;.BAT;.CMD;.VBS;.VBE;.JS;.JSE;.WSF;.WSH;.MSC'
    'WINDIR' => 'C:\\WINDOWS'
    'SERVER_SIGNATURE' => '<address>Apache/2.4.38 (Win32) OpenSSL/1.1.1a PHP/7.3.2 Server at localhost Port 80</address>
'
    'SERVER_SOFTWARE' => 'Apache/2.4.38 (Win32) OpenSSL/1.1.1a PHP/7.3.2'
    'SERVER_NAME' => 'localhost'
    'SERVER_ADDR' => '127.0.0.1'
    'SERVER_PORT' => '80'
    'REMOTE_ADDR' => '127.0.0.1'
    'DOCUMENT_ROOT' => 'C:/xampp/htdocs'
    'REQUEST_SCHEME' => 'http'
    'CONTEXT_PREFIX' => ''
    'CONTEXT_DOCUMENT_ROOT' => 'C:/xampp/htdocs'
    'SERVER_ADMIN' => 'postmaster@localhost'
    'SCRIPT_FILENAME' => 'C:/xampp/htdocs/basic/web/index.php'
    'REMOTE_PORT' => '65003'
    'GATEWAY_INTERFACE' => 'CGI/1.1'
    'SERVER_PROTOCOL' => 'HTTP/1.1'
    'REQUEST_METHOD' => 'GET'
    'QUERY_STRING' => 'r=Users%2FIndex'
    'REQUEST_URI' => '/basic/web/index.php?r=Users%2FIndex'
    'SCRIPT_NAME' => '/basic/web/index.php'
    'PHP_SELF' => '/basic/web/index.php'
    'REQUEST_TIME_FLOAT' => 1572842742.168
    'REQUEST_TIME' => 1572842742
]
2019-11-04 05:45:43 [127.0.0.1][-][llfptmj03pbsivavvd2ouq5ibb][error][yii\web\HttpException:404] yii\base\InvalidRouteException: Unable to resolve the request "users/Index". in C:\xampp\htdocs\basic\vendor\yiisoft\yii2\base\Module.php:537
Stack trace:
#0 C:\xampp\htdocs\basic\vendor\yiisoft\yii2\web\Application.php(103): yii\base\Module->runAction('users/Index', Array)
#1 C:\xampp\htdocs\basic\vendor\yiisoft\yii2\base\Application.php(386): yii\web\Application->handleRequest(Object(yii\web\Request))
#2 C:\xampp\htdocs\basic\web\index.php(12): yii\base\Application->run()
#3 {main}

Next yii\web\NotFoundHttpException: Page not found. in C:\xampp\htdocs\basic\vendor\yiisoft\yii2\web\Application.php:115
Stack trace:
#0 C:\xampp\htdocs\basic\vendor\yiisoft\yii2\base\Application.php(386): yii\web\Application->handleRequest(Object(yii\web\Request))
#1 C:\xampp\htdocs\basic\web\index.php(12): yii\base\Application->run()
#2 {main}
2019-11-04 05:45:43 [127.0.0.1][-][llfptmj03pbsivavvd2ouq5ibb][info][application] $_GET = [
    'r' => 'users/Index'
]

$_POST = []

$_FILES = []

$_COOKIE = [
    '__lfcc' => '1'
    'PHPSESSID' => 'llfptmj03pbsivavvd2ouq5ibb'
    '_csrf' => '72679ed7e297092ed1b9a8fa29dfef7eebb361279c607fadeda20e8aa09b5d47a:2:{i:0;s:5:\"_csrf\";i:1;s:32:\"sMeqAF6At6gDtZ38xaLmgXcVWKI7Xr85\";}'
]

$_SESSION = [
    '__flash' => []
    '__captcha/site/captcha' => 'cfjugc'
    '__captcha/site/captchacount' => 1
]

$_SERVER = [
    'MIBDIRS' => 'C:/xampp/php/extras/mibs'
    'MYSQL_HOME' => '\\xampp\\mysql\\bin'
    'OPENSSL_CONF' => 'C:/xampp/apache/bin/openssl.cnf'
    'PHP_PEAR_SYSCONF_DIR' => '\\xampp\\php'
    'PHPRC' => '\\xampp\\php'
    'TMP' => '\\xampp\\tmp'
    'HTTP_HOST' => 'localhost'
    'HTTP_USER_AGENT' => 'Mozilla/5.0 (Windows NT 10.0; Win64; x64; rv:70.0) Gecko/20100101 Firefox/70.0'
    'HTTP_ACCEPT' => 'text/html,application/xhtml+xml,application/xml;q=0.9,*/*;q=0.8'
    'HTTP_ACCEPT_LANGUAGE' => 'en-US,en;q=0.5'
    'HTTP_ACCEPT_ENCODING' => 'gzip, deflate'
    'HTTP_CONNECTION' => 'keep-alive'
    'HTTP_COOKIE' => '__lfcc=1; PHPSESSID=llfptmj03pbsivavvd2ouq5ibb; _csrf=72679ed7e297092ed1b9a8fa29dfef7eebb361279c607fadeda20e8aa09b5d47a%3A2%3A%7Bi%3A0%3Bs%3A5%3A%22_csrf%22%3Bi%3A1%3Bs%3A32%3A%22sMeqAF6At6gDtZ38xaLmgXcVWKI7Xr85%22%3B%7D'
    'HTTP_UPGRADE_INSECURE_REQUESTS' => '1'
    'PATH' => 'C:\\Program Files\\Java\\jdk-11.0.3\\bin;C:\\WINDOWS\\system32;C:\\WINDOWS;C:\\WINDOWS\\System32\\Wbem;C:\\WINDOWS\\System32\\WindowsPowerShell\\v1.0\\;C:\\WINDOWS\\System32\\OpenSSH\\;C:\\xampp\\php;C:\\composer;C:\\Users\\ASUS\\AppData\\Local\\Microsoft\\WindowsApps;;C:\\Program Files\\JetBrains\\IntelliJ IDEA Community Edition 2019.1.3\\bin;;C:\\Users\\ASUS\\AppData\\Roaming\\Composer\\vendor\\bin'
    'SystemRoot' => 'C:\\WINDOWS'
    'COMSPEC' => 'C:\\WINDOWS\\system32\\cmd.exe'
    'PATHEXT' => '.COM;.EXE;.BAT;.CMD;.VBS;.VBE;.JS;.JSE;.WSF;.WSH;.MSC'
    'WINDIR' => 'C:\\WINDOWS'
    'SERVER_SIGNATURE' => '<address>Apache/2.4.38 (Win32) OpenSSL/1.1.1a PHP/7.3.2 Server at localhost Port 80</address>
'
    'SERVER_SOFTWARE' => 'Apache/2.4.38 (Win32) OpenSSL/1.1.1a PHP/7.3.2'
    'SERVER_NAME' => 'localhost'
    'SERVER_ADDR' => '127.0.0.1'
    'SERVER_PORT' => '80'
    'REMOTE_ADDR' => '127.0.0.1'
    'DOCUMENT_ROOT' => 'C:/xampp/htdocs'
    'REQUEST_SCHEME' => 'http'
    'CONTEXT_PREFIX' => ''
    'CONTEXT_DOCUMENT_ROOT' => 'C:/xampp/htdocs'
    'SERVER_ADMIN' => 'postmaster@localhost'
    'SCRIPT_FILENAME' => 'C:/xampp/htdocs/basic/web/index.php'
    'REMOTE_PORT' => '65003'
    'GATEWAY_INTERFACE' => 'CGI/1.1'
    'SERVER_PROTOCOL' => 'HTTP/1.1'
    'REQUEST_METHOD' => 'GET'
    'QUERY_STRING' => 'r=users%2FIndex'
    'REQUEST_URI' => '/basic/web/index.php?r=users%2FIndex'
    'SCRIPT_NAME' => '/basic/web/index.php'
    'PHP_SELF' => '/basic/web/index.php'
    'REQUEST_TIME_FLOAT' => 1572842743.31
    'REQUEST_TIME' => 1572842743
]
2019-11-04 05:46:12 [127.0.0.1][-][llfptmj03pbsivavvd2ouq5ibb][error][yii\web\HttpException:404] yii\base\InvalidRouteException: Unable to resolve the request "SuratKeluar/Index". in C:\xampp\htdocs\basic\vendor\yiisoft\yii2\base\Module.php:537
Stack trace:
#0 C:\xampp\htdocs\basic\vendor\yiisoft\yii2\web\Application.php(103): yii\base\Module->runAction('SuratKeluar/Ind...', Array)
#1 C:\xampp\htdocs\basic\vendor\yiisoft\yii2\base\Application.php(386): yii\web\Application->handleRequest(Object(yii\web\Request))
#2 C:\xampp\htdocs\basic\web\index.php(12): yii\base\Application->run()
#3 {main}

Next yii\web\NotFoundHttpException: Page not found. in C:\xampp\htdocs\basic\vendor\yiisoft\yii2\web\Application.php:115
Stack trace:
#0 C:\xampp\htdocs\basic\vendor\yiisoft\yii2\base\Application.php(386): yii\web\Application->handleRequest(Object(yii\web\Request))
#1 C:\xampp\htdocs\basic\web\index.php(12): yii\base\Application->run()
#2 {main}
2019-11-04 05:46:12 [127.0.0.1][-][llfptmj03pbsivavvd2ouq5ibb][info][application] $_GET = [
    'r' => 'SuratKeluar/Index'
]

$_POST = []

$_FILES = []

$_COOKIE = [
    '__lfcc' => '1'
    'PHPSESSID' => 'llfptmj03pbsivavvd2ouq5ibb'
    '_csrf' => '72679ed7e297092ed1b9a8fa29dfef7eebb361279c607fadeda20e8aa09b5d47a:2:{i:0;s:5:\"_csrf\";i:1;s:32:\"sMeqAF6At6gDtZ38xaLmgXcVWKI7Xr85\";}'
]

$_SESSION = [
    '__flash' => []
    '__captcha/site/captcha' => 'cfjugc'
    '__captcha/site/captchacount' => 1
]

$_SERVER = [
    'MIBDIRS' => 'C:/xampp/php/extras/mibs'
    'MYSQL_HOME' => '\\xampp\\mysql\\bin'
    'OPENSSL_CONF' => 'C:/xampp/apache/bin/openssl.cnf'
    'PHP_PEAR_SYSCONF_DIR' => '\\xampp\\php'
    'PHPRC' => '\\xampp\\php'
    'TMP' => '\\xampp\\tmp'
    'HTTP_HOST' => 'localhost'
    'HTTP_USER_AGENT' => 'Mozilla/5.0 (Windows NT 10.0; Win64; x64; rv:70.0) Gecko/20100101 Firefox/70.0'
    'HTTP_ACCEPT' => 'text/html,application/xhtml+xml,application/xml;q=0.9,*/*;q=0.8'
    'HTTP_ACCEPT_LANGUAGE' => 'en-US,en;q=0.5'
    'HTTP_ACCEPT_ENCODING' => 'gzip, deflate'
    'HTTP_CONNECTION' => 'keep-alive'
    'HTTP_COOKIE' => '__lfcc=1; PHPSESSID=llfptmj03pbsivavvd2ouq5ibb; _csrf=72679ed7e297092ed1b9a8fa29dfef7eebb361279c607fadeda20e8aa09b5d47a%3A2%3A%7Bi%3A0%3Bs%3A5%3A%22_csrf%22%3Bi%3A1%3Bs%3A32%3A%22sMeqAF6At6gDtZ38xaLmgXcVWKI7Xr85%22%3B%7D'
    'HTTP_UPGRADE_INSECURE_REQUESTS' => '1'
    'PATH' => 'C:\\Program Files\\Java\\jdk-11.0.3\\bin;C:\\WINDOWS\\system32;C:\\WINDOWS;C:\\WINDOWS\\System32\\Wbem;C:\\WINDOWS\\System32\\WindowsPowerShell\\v1.0\\;C:\\WINDOWS\\System32\\OpenSSH\\;C:\\xampp\\php;C:\\composer;C:\\Users\\ASUS\\AppData\\Local\\Microsoft\\WindowsApps;;C:\\Program Files\\JetBrains\\IntelliJ IDEA Community Edition 2019.1.3\\bin;;C:\\Users\\ASUS\\AppData\\Roaming\\Composer\\vendor\\bin'
    'SystemRoot' => 'C:\\WINDOWS'
    'COMSPEC' => 'C:\\WINDOWS\\system32\\cmd.exe'
    'PATHEXT' => '.COM;.EXE;.BAT;.CMD;.VBS;.VBE;.JS;.JSE;.WSF;.WSH;.MSC'
    'WINDIR' => 'C:\\WINDOWS'
    'SERVER_SIGNATURE' => '<address>Apache/2.4.38 (Win32) OpenSSL/1.1.1a PHP/7.3.2 Server at localhost Port 80</address>
'
    'SERVER_SOFTWARE' => 'Apache/2.4.38 (Win32) OpenSSL/1.1.1a PHP/7.3.2'
    'SERVER_NAME' => 'localhost'
    'SERVER_ADDR' => '127.0.0.1'
    'SERVER_PORT' => '80'
    'REMOTE_ADDR' => '127.0.0.1'
    'DOCUMENT_ROOT' => 'C:/xampp/htdocs'
    'REQUEST_SCHEME' => 'http'
    'CONTEXT_PREFIX' => ''
    'CONTEXT_DOCUMENT_ROOT' => 'C:/xampp/htdocs'
    'SERVER_ADMIN' => 'postmaster@localhost'
    'SCRIPT_FILENAME' => 'C:/xampp/htdocs/basic/web/index.php'
    'REMOTE_PORT' => '65032'
    'GATEWAY_INTERFACE' => 'CGI/1.1'
    'SERVER_PROTOCOL' => 'HTTP/1.1'
    'REQUEST_METHOD' => 'GET'
    'QUERY_STRING' => 'r=SuratKeluar%2FIndex'
    'REQUEST_URI' => '/basic/web/index.php?r=SuratKeluar%2FIndex'
    'SCRIPT_NAME' => '/basic/web/index.php'
    'PHP_SELF' => '/basic/web/index.php'
    'REQUEST_TIME_FLOAT' => 1572842772.545
    'REQUEST_TIME' => 1572842772
]
2019-11-04 05:46:19 [127.0.0.1][-][llfptmj03pbsivavvd2ouq5ibb][error][yii\web\HttpException:404] yii\base\InvalidRouteException: Unable to resolve the request "users/Index". in C:\xampp\htdocs\basic\vendor\yiisoft\yii2\base\Module.php:537
Stack trace:
#0 C:\xampp\htdocs\basic\vendor\yiisoft\yii2\web\Application.php(103): yii\base\Module->runAction('users/Index', Array)
#1 C:\xampp\htdocs\basic\vendor\yiisoft\yii2\base\Application.php(386): yii\web\Application->handleRequest(Object(yii\web\Request))
#2 C:\xampp\htdocs\basic\web\index.php(12): yii\base\Application->run()
#3 {main}

Next yii\web\NotFoundHttpException: Page not found. in C:\xampp\htdocs\basic\vendor\yiisoft\yii2\web\Application.php:115
Stack trace:
#0 C:\xampp\htdocs\basic\vendor\yiisoft\yii2\base\Application.php(386): yii\web\Application->handleRequest(Object(yii\web\Request))
#1 C:\xampp\htdocs\basic\web\index.php(12): yii\base\Application->run()
#2 {main}
2019-11-04 05:46:19 [127.0.0.1][-][llfptmj03pbsivavvd2ouq5ibb][info][application] $_GET = [
    'r' => 'users/Index'
]

$_POST = []

$_FILES = []

$_COOKIE = [
    '__lfcc' => '1'
    'PHPSESSID' => 'llfptmj03pbsivavvd2ouq5ibb'
    '_csrf' => '72679ed7e297092ed1b9a8fa29dfef7eebb361279c607fadeda20e8aa09b5d47a:2:{i:0;s:5:\"_csrf\";i:1;s:32:\"sMeqAF6At6gDtZ38xaLmgXcVWKI7Xr85\";}'
]

$_SESSION = [
    '__flash' => []
    '__captcha/site/captcha' => 'cfjugc'
    '__captcha/site/captchacount' => 1
]

$_SERVER = [
    'MIBDIRS' => 'C:/xampp/php/extras/mibs'
    'MYSQL_HOME' => '\\xampp\\mysql\\bin'
    'OPENSSL_CONF' => 'C:/xampp/apache/bin/openssl.cnf'
    'PHP_PEAR_SYSCONF_DIR' => '\\xampp\\php'
    'PHPRC' => '\\xampp\\php'
    'TMP' => '\\xampp\\tmp'
    'HTTP_HOST' => 'localhost'
    'HTTP_USER_AGENT' => 'Mozilla/5.0 (Windows NT 10.0; Win64; x64; rv:70.0) Gecko/20100101 Firefox/70.0'
    'HTTP_ACCEPT' => 'text/html,application/xhtml+xml,application/xml;q=0.9,*/*;q=0.8'
    'HTTP_ACCEPT_LANGUAGE' => 'en-US,en;q=0.5'
    'HTTP_ACCEPT_ENCODING' => 'gzip, deflate'
    'HTTP_CONNECTION' => 'keep-alive'
    'HTTP_COOKIE' => '__lfcc=1; PHPSESSID=llfptmj03pbsivavvd2ouq5ibb; _csrf=72679ed7e297092ed1b9a8fa29dfef7eebb361279c607fadeda20e8aa09b5d47a%3A2%3A%7Bi%3A0%3Bs%3A5%3A%22_csrf%22%3Bi%3A1%3Bs%3A32%3A%22sMeqAF6At6gDtZ38xaLmgXcVWKI7Xr85%22%3B%7D'
    'HTTP_UPGRADE_INSECURE_REQUESTS' => '1'
    'PATH' => 'C:\\Program Files\\Java\\jdk-11.0.3\\bin;C:\\WINDOWS\\system32;C:\\WINDOWS;C:\\WINDOWS\\System32\\Wbem;C:\\WINDOWS\\System32\\WindowsPowerShell\\v1.0\\;C:\\WINDOWS\\System32\\OpenSSH\\;C:\\xampp\\php;C:\\composer;C:\\Users\\ASUS\\AppData\\Local\\Microsoft\\WindowsApps;;C:\\Program Files\\JetBrains\\IntelliJ IDEA Community Edition 2019.1.3\\bin;;C:\\Users\\ASUS\\AppData\\Roaming\\Composer\\vendor\\bin'
    'SystemRoot' => 'C:\\WINDOWS'
    'COMSPEC' => 'C:\\WINDOWS\\system32\\cmd.exe'
    'PATHEXT' => '.COM;.EXE;.BAT;.CMD;.VBS;.VBE;.JS;.JSE;.WSF;.WSH;.MSC'
    'WINDIR' => 'C:\\WINDOWS'
    'SERVER_SIGNATURE' => '<address>Apache/2.4.38 (Win32) OpenSSL/1.1.1a PHP/7.3.2 Server at localhost Port 80</address>
'
    'SERVER_SOFTWARE' => 'Apache/2.4.38 (Win32) OpenSSL/1.1.1a PHP/7.3.2'
    'SERVER_NAME' => 'localhost'
    'SERVER_ADDR' => '127.0.0.1'
    'SERVER_PORT' => '80'
    'REMOTE_ADDR' => '127.0.0.1'
    'DOCUMENT_ROOT' => 'C:/xampp/htdocs'
    'REQUEST_SCHEME' => 'http'
    'CONTEXT_PREFIX' => ''
    'CONTEXT_DOCUMENT_ROOT' => 'C:/xampp/htdocs'
    'SERVER_ADMIN' => 'postmaster@localhost'
    'SCRIPT_FILENAME' => 'C:/xampp/htdocs/basic/web/index.php'
    'REMOTE_PORT' => '65043'
    'GATEWAY_INTERFACE' => 'CGI/1.1'
    'SERVER_PROTOCOL' => 'HTTP/1.1'
    'REQUEST_METHOD' => 'GET'
    'QUERY_STRING' => 'r=users%2FIndex'
    'REQUEST_URI' => '/basic/web/index.php?r=users%2FIndex'
    'SCRIPT_NAME' => '/basic/web/index.php'
    'PHP_SELF' => '/basic/web/index.php'
    'REQUEST_TIME_FLOAT' => 1572842779.007
    'REQUEST_TIME' => 1572842779
]
2019-11-04 05:46:22 [127.0.0.1][-][llfptmj03pbsivavvd2ouq5ibb][error][yii\web\HttpException:404] yii\base\InvalidRouteException: Unable to resolve the request "users/Index". in C:\xampp\htdocs\basic\vendor\yiisoft\yii2\base\Module.php:537
Stack trace:
#0 C:\xampp\htdocs\basic\vendor\yiisoft\yii2\web\Application.php(103): yii\base\Module->runAction('users/Index', Array)
#1 C:\xampp\htdocs\basic\vendor\yiisoft\yii2\base\Application.php(386): yii\web\Application->handleRequest(Object(yii\web\Request))
#2 C:\xampp\htdocs\basic\web\index.php(12): yii\base\Application->run()
#3 {main}

Next yii\web\NotFoundHttpException: Page not found. in C:\xampp\htdocs\basic\vendor\yiisoft\yii2\web\Application.php:115
Stack trace:
#0 C:\xampp\htdocs\basic\vendor\yiisoft\yii2\base\Application.php(386): yii\web\Application->handleRequest(Object(yii\web\Request))
#1 C:\xampp\htdocs\basic\web\index.php(12): yii\base\Application->run()
#2 {main}
2019-11-04 05:46:22 [127.0.0.1][-][llfptmj03pbsivavvd2ouq5ibb][info][application] $_GET = [
    'r' => 'users/Index'
]

$_POST = []

$_FILES = []

$_COOKIE = [
    '__lfcc' => '1'
    'PHPSESSID' => 'llfptmj03pbsivavvd2ouq5ibb'
    '_csrf' => '72679ed7e297092ed1b9a8fa29dfef7eebb361279c607fadeda20e8aa09b5d47a:2:{i:0;s:5:\"_csrf\";i:1;s:32:\"sMeqAF6At6gDtZ38xaLmgXcVWKI7Xr85\";}'
]

$_SESSION = [
    '__flash' => []
    '__captcha/site/captcha' => 'cfjugc'
    '__captcha/site/captchacount' => 1
]

$_SERVER = [
    'MIBDIRS' => 'C:/xampp/php/extras/mibs'
    'MYSQL_HOME' => '\\xampp\\mysql\\bin'
    'OPENSSL_CONF' => 'C:/xampp/apache/bin/openssl.cnf'
    'PHP_PEAR_SYSCONF_DIR' => '\\xampp\\php'
    'PHPRC' => '\\xampp\\php'
    'TMP' => '\\xampp\\tmp'
    'HTTP_HOST' => 'localhost'
    'HTTP_USER_AGENT' => 'Mozilla/5.0 (Windows NT 10.0; Win64; x64; rv:70.0) Gecko/20100101 Firefox/70.0'
    'HTTP_ACCEPT' => 'text/html,application/xhtml+xml,application/xml;q=0.9,*/*;q=0.8'
    'HTTP_ACCEPT_LANGUAGE' => 'en-US,en;q=0.5'
    'HTTP_ACCEPT_ENCODING' => 'gzip, deflate'
    'HTTP_CONNECTION' => 'keep-alive'
    'HTTP_COOKIE' => '__lfcc=1; PHPSESSID=llfptmj03pbsivavvd2ouq5ibb; _csrf=72679ed7e297092ed1b9a8fa29dfef7eebb361279c607fadeda20e8aa09b5d47a%3A2%3A%7Bi%3A0%3Bs%3A5%3A%22_csrf%22%3Bi%3A1%3Bs%3A32%3A%22sMeqAF6At6gDtZ38xaLmgXcVWKI7Xr85%22%3B%7D'
    'HTTP_UPGRADE_INSECURE_REQUESTS' => '1'
    'PATH' => 'C:\\Program Files\\Java\\jdk-11.0.3\\bin;C:\\WINDOWS\\system32;C:\\WINDOWS;C:\\WINDOWS\\System32\\Wbem;C:\\WINDOWS\\System32\\WindowsPowerShell\\v1.0\\;C:\\WINDOWS\\System32\\OpenSSH\\;C:\\xampp\\php;C:\\composer;C:\\Users\\ASUS\\AppData\\Local\\Microsoft\\WindowsApps;;C:\\Program Files\\JetBrains\\IntelliJ IDEA Community Edition 2019.1.3\\bin;;C:\\Users\\ASUS\\AppData\\Roaming\\Composer\\vendor\\bin'
    'SystemRoot' => 'C:\\WINDOWS'
    'COMSPEC' => 'C:\\WINDOWS\\system32\\cmd.exe'
    'PATHEXT' => '.COM;.EXE;.BAT;.CMD;.VBS;.VBE;.JS;.JSE;.WSF;.WSH;.MSC'
    'WINDIR' => 'C:\\WINDOWS'
    'SERVER_SIGNATURE' => '<address>Apache/2.4.38 (Win32) OpenSSL/1.1.1a PHP/7.3.2 Server at localhost Port 80</address>
'
    'SERVER_SOFTWARE' => 'Apache/2.4.38 (Win32) OpenSSL/1.1.1a PHP/7.3.2'
    'SERVER_NAME' => 'localhost'
    'SERVER_ADDR' => '127.0.0.1'
    'SERVER_PORT' => '80'
    'REMOTE_ADDR' => '127.0.0.1'
    'DOCUMENT_ROOT' => 'C:/xampp/htdocs'
    'REQUEST_SCHEME' => 'http'
    'CONTEXT_PREFIX' => ''
    'CONTEXT_DOCUMENT_ROOT' => 'C:/xampp/htdocs'
    'SERVER_ADMIN' => 'postmaster@localhost'
    'SCRIPT_FILENAME' => 'C:/xampp/htdocs/basic/web/index.php'
    'REMOTE_PORT' => '65043'
    'GATEWAY_INTERFACE' => 'CGI/1.1'
    'SERVER_PROTOCOL' => 'HTTP/1.1'
    'REQUEST_METHOD' => 'GET'
    'QUERY_STRING' => 'r=users%2FIndex'
    'REQUEST_URI' => '/basic/web/index.php?r=users%2FIndex'
    'SCRIPT_NAME' => '/basic/web/index.php'
    'PHP_SELF' => '/basic/web/index.php'
    'REQUEST_TIME_FLOAT' => 1572842782.298
    'REQUEST_TIME' => 1572842782
]
